2023-05-23 07:09:31 [31merror[39m: [31muncaughtException: ENOENT: no such file or directory, open './templates/otp.thml'[39m
[31mError: ENOENT: no such file or directory, open './templates/otp.thml'[39m
[31m    at Object.openSync (node:fs:594:3)[39m
[31m    at Object.readFileSync (node:fs:462:35)[39m
[31m    at readTemplate (C:\Users\user\Custom-Authentication\src\modules\mail\mail.service.ts:5:25)[39m
[31m    at Object.<anonymous> (C:\Users\user\Custom-Authentication\src\modules\mail\mail.service.ts:16:23)[39m
[31m    at Module._compile (node:internal/modules/cjs/loader:1126:14)[39m
[31m    at Module.m._compile (C:\Users\user\Custom-Authentication\node_modules\ts-node\src\index.ts:1618:23)[39m
[31m    at Module._extensions..js (node:internal/modules/cjs/loader:1180:10)[39m
[31m    at Object.require.extensions.<computed> [as .ts] (C:\Users\user\Custom-Authentication\node_modules\ts-node\src\index.ts:1621:12)[39m
[31m    at Module.load (node:internal/modules/cjs/loader:1004:32)[39m
[31m    at Function.Module._load (node:internal/modules/cjs/loader:839:12)[39m
2023-05-23 07:09:31 [31merror[39m: [31muncaughtException: ENOENT: no such file or directory, open './templates/otp.thml'[39m
[31mError: ENOENT: no such file or directory, open './templates/otp.thml'[39m
[31m    at Object.openSync (node:fs:594:3)[39m
[31m    at Object.readFileSync (node:fs:462:35)[39m
[31m    at readTemplate (C:\Users\user\Custom-Authentication\src\modules\mail\mail.service.ts:5:25)[39m
[31m    at Object.<anonymous> (C:\Users\user\Custom-Authentication\src\modules\mail\mail.service.ts:16:23)[39m
[31m    at Module._compile (node:internal/modules/cjs/loader:1126:14)[39m
[31m    at Module.m._compile (C:\Users\user\Custom-Authentication\node_modules\ts-node\src\index.ts:1618:23)[39m
[31m    at Module._extensions..js (node:internal/modules/cjs/loader:1180:10)[39m
[31m    at Object.require.extensions.<computed> [as .ts] (C:\Users\user\Custom-Authentication\node_modules\ts-node\src\index.ts:1621:12)[39m
[31m    at Module.load (node:internal/modules/cjs/loader:1004:32)[39m
[31m    at Function.Module._load (node:internal/modules/cjs/loader:839:12)[39m
2023-05-23 07:14:47 [31merror[39m: [31muncaughtException: ENOENT: no such file or directory, open './templates/otp.html'[39m
[31mError: ENOENT: no such file or directory, open './templates/otp.html'[39m
[31m    at Object.openSync (node:fs:594:3)[39m
[31m    at Object.readFileSync (node:fs:462:35)[39m
[31m    at readTemplate (C:\Users\user\Custom-Authentication\src\modules\mail\mail.service.ts:5:25)[39m
[31m    at Object.<anonymous> (C:\Users\user\Custom-Authentication\src\modules\mail\mail.service.ts:16:23)[39m
[31m    at Module._compile (node:internal/modules/cjs/loader:1126:14)[39m
[31m    at Module.m._compile (C:\Users\user\Custom-Authentication\node_modules\ts-node\src\index.ts:1618:23)[39m
[31m    at Module._extensions..js (node:internal/modules/cjs/loader:1180:10)[39m
[31m    at Object.require.extensions.<computed> [as .ts] (C:\Users\user\Custom-Authentication\node_modules\ts-node\src\index.ts:1621:12)[39m
[31m    at Module.load (node:internal/modules/cjs/loader:1004:32)[39m
[31m    at Function.Module._load (node:internal/modules/cjs/loader:839:12)[39m
2023-05-23 07:14:47 [31merror[39m: [31muncaughtException: ENOENT: no such file or directory, open './templates/otp.html'[39m
[31mError: ENOENT: no such file or directory, open './templates/otp.html'[39m
[31m    at Object.openSync (node:fs:594:3)[39m
[31m    at Object.readFileSync (node:fs:462:35)[39m
[31m    at readTemplate (C:\Users\user\Custom-Authentication\src\modules\mail\mail.service.ts:5:25)[39m
[31m    at Object.<anonymous> (C:\Users\user\Custom-Authentication\src\modules\mail\mail.service.ts:16:23)[39m
[31m    at Module._compile (node:internal/modules/cjs/loader:1126:14)[39m
[31m    at Module.m._compile (C:\Users\user\Custom-Authentication\node_modules\ts-node\src\index.ts:1618:23)[39m
[31m    at Module._extensions..js (node:internal/modules/cjs/loader:1180:10)[39m
[31m    at Object.require.extensions.<computed> [as .ts] (C:\Users\user\Custom-Authentication\node_modules\ts-node\src\index.ts:1621:12)[39m
[31m    at Module.load (node:internal/modules/cjs/loader:1004:32)[39m
[31m    at Function.Module._load (node:internal/modules/cjs/loader:839:12)[39m
2023-05-23 07:16:27 [31merror[39m: [31muncaughtException: ENOENT: no such file or directory, open 'srcmodulesmail	emplatesotp.html'[39m
[31mError: ENOENT: no such file or directory, open 'srcmodulesmail	emplatesotp.html'[39m
[31m    at Object.openSync (node:fs:594:3)[39m
[31m    at Object.readFileSync (node:fs:462:35)[39m
[31m    at readTemplate (C:\Users\user\Custom-Authentication\src\modules\mail\mail.service.ts:5:25)[39m
[31m    at Object.<anonymous> (C:\Users\user\Custom-Authentication\src\modules\mail\mail.service.ts:16:23)[39m
[31m    at Module._compile (node:internal/modules/cjs/loader:1126:14)[39m
[31m    at Module.m._compile (C:\Users\user\Custom-Authentication\node_modules\ts-node\src\index.ts:1618:23)[39m
[31m    at Module._extensions..js (node:internal/modules/cjs/loader:1180:10)[39m
[31m    at Object.require.extensions.<computed> [as .ts] (C:\Users\user\Custom-Authentication\node_modules\ts-node\src\index.ts:1621:12)[39m
[31m    at Module.load (node:internal/modules/cjs/loader:1004:32)[39m
[31m    at Function.Module._load (node:internal/modules/cjs/loader:839:12)[39m
2023-05-23 07:16:27 [31merror[39m: [31muncaughtException: ENOENT: no such file or directory, open 'srcmodulesmail	emplatesotp.html'[39m
[31mError: ENOENT: no such file or directory, open 'srcmodulesmail	emplatesotp.html'[39m
[31m    at Object.openSync (node:fs:594:3)[39m
[31m    at Object.readFileSync (node:fs:462:35)[39m
[31m    at readTemplate (C:\Users\user\Custom-Authentication\src\modules\mail\mail.service.ts:5:25)[39m
[31m    at Object.<anonymous> (C:\Users\user\Custom-Authentication\src\modules\mail\mail.service.ts:16:23)[39m
[31m    at Module._compile (node:internal/modules/cjs/loader:1126:14)[39m
[31m    at Module.m._compile (C:\Users\user\Custom-Authentication\node_modules\ts-node\src\index.ts:1618:23)[39m
[31m    at Module._extensions..js (node:internal/modules/cjs/loader:1180:10)[39m
[31m    at Object.require.extensions.<computed> [as .ts] (C:\Users\user\Custom-Authentication\node_modules\ts-node\src\index.ts:1621:12)[39m
[31m    at Module.load (node:internal/modules/cjs/loader:1004:32)[39m
[31m    at Function.Module._load (node:internal/modules/cjs/loader:839:12)[39m
2023-05-23 07:21:46 [31merror[39m: [31muncaughtException: тип Unable to compile TypeScript:[39m
[31m[96msrc/modules/mail/mail.service.ts[0m:[93m14[0m:[93m33[0m - [91merror[0m[90m TS1125: [0mHexadecimal digit expected.[39m

[31m[7m14[0m const templatePath = 'C:\Users\user\Custom-Authentication\src\modules\mail\templates\otp.html'; // Replace with the path to your template file[39m
[31m[7m  [0m [91m                                [0m[39m

[31mTSError: тип Unable to compile TypeScript:[39m
[31m[96msrc/modules/mail/mail.service.ts[0m:[93m14[0m:[93m33[0m - [91merror[0m[90m TS1125: [0mHexadecimal digit expected.[39m

[31m[7m14[0m const templatePath = 'C:\Users\user\Custom-Authentication\src\modules\mail\templates\otp.html'; // Replace with the path to your template file[39m
[31m[7m  [0m [91m                                [0m[39m

[31m    at createTSError (C:\Users\user\Custom-Authentication\node_modules\ts-node\src\index.ts:859:12)[39m
[31m    at reportTSError (C:\Users\user\Custom-Authentication\node_modules\ts-node\src\index.ts:863:19)[39m
[31m    at getOutput (C:\Users\user\Custom-Authentication\node_modules\ts-node\src\index.ts:1077:36)[39m
[31m    at Object.compile (C:\Users\user\Custom-Authentication\node_modules\ts-node\src\index.ts:1433:41)[39m
[31m    at Module.m._compile (C:\Users\user\Custom-Authentication\node_modules\ts-node\src\index.ts:1617:30)[39m
[31m    at Module._extensions..js (node:internal/modules/cjs/loader:1180:10)[39m
[31m    at Object.require.extensions.<computed> [as .ts] (C:\Users\user\Custom-Authentication\node_modules\ts-node\src\index.ts:1621:12)[39m
[31m    at Module.load (node:internal/modules/cjs/loader:1004:32)[39m
[31m    at Function.Module._load (node:internal/modules/cjs/loader:839:12)[39m
[31m    at Module.require (node:internal/modules/cjs/loader:1028:19)[39m
2023-05-23 07:21:46 [31merror[39m: [31muncaughtException: тип Unable to compile TypeScript:[39m
[31m[96msrc/modules/mail/mail.service.ts[0m:[93m14[0m:[93m33[0m - [91merror[0m[90m TS1125: [0mHexadecimal digit expected.[39m

[31m[7m14[0m const templatePath = 'C:\Users\user\Custom-Authentication\src\modules\mail\templates\otp.html'; // Replace with the path to your template file[39m
[31m[7m  [0m [91m                                [0m[39m

[31mTSError: тип Unable to compile TypeScript:[39m
[31m[96msrc/modules/mail/mail.service.ts[0m:[93m14[0m:[93m33[0m - [91merror[0m[90m TS1125: [0mHexadecimal digit expected.[39m

[31m[7m14[0m const templatePath = 'C:\Users\user\Custom-Authentication\src\modules\mail\templates\otp.html'; // Replace with the path to your template file[39m
[31m[7m  [0m [91m                                [0m[39m

[31m    at createTSError (C:\Users\user\Custom-Authentication\node_modules\ts-node\src\index.ts:859:12)[39m
[31m    at reportTSError (C:\Users\user\Custom-Authentication\node_modules\ts-node\src\index.ts:863:19)[39m
[31m    at getOutput (C:\Users\user\Custom-Authentication\node_modules\ts-node\src\index.ts:1077:36)[39m
[31m    at Object.compile (C:\Users\user\Custom-Authentication\node_modules\ts-node\src\index.ts:1433:41)[39m
[31m    at Module.m._compile (C:\Users\user\Custom-Authentication\node_modules\ts-node\src\index.ts:1617:30)[39m
[31m    at Module._extensions..js (node:internal/modules/cjs/loader:1180:10)[39m
[31m    at Object.require.extensions.<computed> [as .ts] (C:\Users\user\Custom-Authentication\node_modules\ts-node\src\index.ts:1621:12)[39m
[31m    at Module.load (node:internal/modules/cjs/loader:1004:32)[39m
[31m    at Function.Module._load (node:internal/modules/cjs/loader:839:12)[39m
[31m    at Module.require (node:internal/modules/cjs/loader:1028:19)[39m
2023-05-23 07:25:02 [31merror[39m: [31muncaughtException: ENOENT: no such file or directory, open[39m
[31mError: ENOENT: no such file or directory, open[39m
[31m    at Object.openSync (node:fs:594:3)[39m
[31m    at Object.readFileSync (node:fs:462:35)[39m
[31m    at readTemplate (C:\Users\user\Custom-Authentication\src\modules\mail\mail.service.ts:5:25)[39m
[31m    at Object.<anonymous> (C:\Users\user\Custom-Authentication\src\modules\mail\mail.service.ts:16:23)[39m
[31m    at Module._compile (node:internal/modules/cjs/loader:1126:14)[39m
[31m    at Module.m._compile (C:\Users\user\Custom-Authentication\node_modules\ts-node\src\index.ts:1618:23)[39m
[31m    at Module._extensions..js (node:internal/modules/cjs/loader:1180:10)[39m
[31m    at Object.require.extensions.<computed> [as .ts] (C:\Users\user\Custom-Authentication\node_modules\ts-node\src\index.ts:1621:12)[39m
[31m    at Module.load (node:internal/modules/cjs/loader:1004:32)[39m
[31m    at Function.Module._load (node:internal/modules/cjs/loader:839:12)[39m
2023-05-23 07:25:02 [31merror[39m: [31muncaughtException: ENOENT: no such file or directory, open[39m
[31mError: ENOENT: no such file or directory, open[39m
[31m    at Object.openSync (node:fs:594:3)[39m
[31m    at Object.readFileSync (node:fs:462:35)[39m
[31m    at readTemplate (C:\Users\user\Custom-Authentication\src\modules\mail\mail.service.ts:5:25)[39m
[31m    at Object.<anonymous> (C:\Users\user\Custom-Authentication\src\modules\mail\mail.service.ts:16:23)[39m
[31m    at Module._compile (node:internal/modules/cjs/loader:1126:14)[39m
[31m    at Module.m._compile (C:\Users\user\Custom-Authentication\node_modules\ts-node\src\index.ts:1618:23)[39m
[31m    at Module._extensions..js (node:internal/modules/cjs/loader:1180:10)[39m
[31m    at Object.require.extensions.<computed> [as .ts] (C:\Users\user\Custom-Authentication\node_modules\ts-node\src\index.ts:1621:12)[39m
[31m    at Module.load (node:internal/modules/cjs/loader:1004:32)[39m
[31m    at Function.Module._load (node:internal/modules/cjs/loader:839:12)[39m
2023-05-23 07:25:34 [31merror[39m: [31muncaughtException: ENOENT: no such file or directory, open[39m
[31mError: ENOENT: no such file or directory, open[39m
[31m    at Object.openSync (node:fs:594:3)[39m
[31m    at Object.readFileSync (node:fs:462:35)[39m
[31m    at readTemplate (C:\Users\user\Custom-Authentication\src\modules\mail\mail.service.ts:5:25)[39m
[31m    at Object.<anonymous> (C:\Users\user\Custom-Authentication\src\modules\mail\mail.service.ts:16:23)[39m
[31m    at Module._compile (node:internal/modules/cjs/loader:1126:14)[39m
[31m    at Module.m._compile (C:\Users\user\Custom-Authentication\node_modules\ts-node\src\index.ts:1618:23)[39m
[31m    at Module._extensions..js (node:internal/modules/cjs/loader:1180:10)[39m
[31m    at Object.require.extensions.<computed> [as .ts] (C:\Users\user\Custom-Authentication\node_modules\ts-node\src\index.ts:1621:12)[39m
[31m    at Module.load (node:internal/modules/cjs/loader:1004:32)[39m
[31m    at Function.Module._load (node:internal/modules/cjs/loader:839:12)[39m
2023-05-23 07:25:34 [31merror[39m: [31muncaughtException: ENOENT: no such file or directory, open[39m
[31mError: ENOENT: no such file or directory, open[39m
[31m    at Object.openSync (node:fs:594:3)[39m
[31m    at Object.readFileSync (node:fs:462:35)[39m
[31m    at readTemplate (C:\Users\user\Custom-Authentication\src\modules\mail\mail.service.ts:5:25)[39m
[31m    at Object.<anonymous> (C:\Users\user\Custom-Authentication\src\modules\mail\mail.service.ts:16:23)[39m
[31m    at Module._compile (node:internal/modules/cjs/loader:1126:14)[39m
[31m    at Module.m._compile (C:\Users\user\Custom-Authentication\node_modules\ts-node\src\index.ts:1618:23)[39m
[31m    at Module._extensions..js (node:internal/modules/cjs/loader:1180:10)[39m
[31m    at Object.require.extensions.<computed> [as .ts] (C:\Users\user\Custom-Authentication\node_modules\ts-node\src\index.ts:1621:12)[39m
[31m    at Module.load (node:internal/modules/cjs/loader:1004:32)[39m
[31m    at Function.Module._load (node:internal/modules/cjs/loader:839:12)[39m
2023-05-23 07:49:10 [31merror[39m: [31muncaughtException: ENOENT: no such file or directory, open[39m
[31mError: ENOENT: no such file or directory, open[39m
[31m    at Object.openSync (node:fs:594:3)[39m
[31m    at Object.readFileSync (node:fs:462:35)[39m
[31m    at readTemplate (C:\Users\user\Custom-Authentication\src\modules\mail\mail.service.ts:5:25)[39m
[31m    at Object.<anonymous> (C:\Users\user\Custom-Authentication\src\modules\mail\mail.service.ts:16:23)[39m
[31m    at Module._compile (node:internal/modules/cjs/loader:1126:14)[39m
[31m    at Module.m._compile (C:\Users\user\Custom-Authentication\node_modules\ts-node\src\index.ts:1618:23)[39m
[31m    at Module._extensions..js (node:internal/modules/cjs/loader:1180:10)[39m
[31m    at Object.require.extensions.<computed> [as .ts] (C:\Users\user\Custom-Authentication\node_modules\ts-node\src\index.ts:1621:12)[39m
[31m    at Module.load (node:internal/modules/cjs/loader:1004:32)[39m
[31m    at Function.Module._load (node:internal/modules/cjs/loader:839:12)[39m
2023-05-23 07:49:10 [31merror[39m: [31muncaughtException: ENOENT: no such file or directory, open[39m
[31mError: ENOENT: no such file or directory, open[39m
[31m    at Object.openSync (node:fs:594:3)[39m
[31m    at Object.readFileSync (node:fs:462:35)[39m
[31m    at readTemplate (C:\Users\user\Custom-Authentication\src\modules\mail\mail.service.ts:5:25)[39m
[31m    at Object.<anonymous> (C:\Users\user\Custom-Authentication\src\modules\mail\mail.service.ts:16:23)[39m
[31m    at Module._compile (node:internal/modules/cjs/loader:1126:14)[39m
[31m    at Module.m._compile (C:\Users\user\Custom-Authentication\node_modules\ts-node\src\index.ts:1618:23)[39m
[31m    at Module._extensions..js (node:internal/modules/cjs/loader:1180:10)[39m
[31m    at Object.require.extensions.<computed> [as .ts] (C:\Users\user\Custom-Authentication\node_modules\ts-node\src\index.ts:1621:12)[39m
[31m    at Module.load (node:internal/modules/cjs/loader:1004:32)[39m
[31m    at Function.Module._load (node:internal/modules/cjs/loader:839:12)[39m
2023-05-23 07:49:48 [31merror[39m: [31muncaughtException: ENOENT: no such file or directory, open[39m
[31mError: ENOENT: no such file or directory, open[39m
[31m    at Object.openSync (node:fs:594:3)[39m
[31m    at Object.readFileSync (node:fs:462:35)[39m
[31m    at readTemplate (C:\Users\user\Custom-Authentication\src\modules\mail\mail.service.ts:5:25)[39m
[31m    at Object.<anonymous> (C:\Users\user\Custom-Authentication\src\modules\mail\mail.service.ts:16:23)[39m
[31m    at Module._compile (node:internal/modules/cjs/loader:1126:14)[39m
[31m    at Module.m._compile (C:\Users\user\Custom-Authentication\node_modules\ts-node\src\index.ts:1618:23)[39m
[31m    at Module._extensions..js (node:internal/modules/cjs/loader:1180:10)[39m
[31m    at Object.require.extensions.<computed> [as .ts] (C:\Users\user\Custom-Authentication\node_modules\ts-node\src\index.ts:1621:12)[39m
[31m    at Module.load (node:internal/modules/cjs/loader:1004:32)[39m
[31m    at Function.Module._load (node:internal/modules/cjs/loader:839:12)[39m
2023-05-23 07:49:48 [31merror[39m: [31muncaughtException: ENOENT: no such file or directory, open[39m
[31mError: ENOENT: no such file or directory, open[39m
[31m    at Object.openSync (node:fs:594:3)[39m
[31m    at Object.readFileSync (node:fs:462:35)[39m
[31m    at readTemplate (C:\Users\user\Custom-Authentication\src\modules\mail\mail.service.ts:5:25)[39m
[31m    at Object.<anonymous> (C:\Users\user\Custom-Authentication\src\modules\mail\mail.service.ts:16:23)[39m
[31m    at Module._compile (node:internal/modules/cjs/loader:1126:14)[39m
[31m    at Module.m._compile (C:\Users\user\Custom-Authentication\node_modules\ts-node\src\index.ts:1618:23)[39m
[31m    at Module._extensions..js (node:internal/modules/cjs/loader:1180:10)[39m
[31m    at Object.require.extensions.<computed> [as .ts] (C:\Users\user\Custom-Authentication\node_modules\ts-node\src\index.ts:1621:12)[39m
[31m    at Module.load (node:internal/modules/cjs/loader:1004:32)[39m
[31m    at Function.Module._load (node:internal/modules/cjs/loader:839:12)[39m
2023-05-23 07:52:54 [31merror[39m: [31muncaughtException: ENOENT: no such file or directory, open 'templates/otp.html'[39m
[31mError: ENOENT: no such file or directory, open 'templates/otp.html'[39m
[31m    at Object.openSync (node:fs:594:3)[39m
[31m    at Object.readFileSync (node:fs:462:35)[39m
[31m    at readTemplate (C:\Users\user\Custom-Authentication\src\modules\mail\mail.service.ts:5:25)[39m
[31m    at Object.<anonymous> (C:\Users\user\Custom-Authentication\src\modules\mail\mail.service.ts:16:23)[39m
[31m    at Module._compile (node:internal/modules/cjs/loader:1126:14)[39m
[31m    at Module.m._compile (C:\Users\user\Custom-Authentication\node_modules\ts-node\src\index.ts:1618:23)[39m
[31m    at Module._extensions..js (node:internal/modules/cjs/loader:1180:10)[39m
[31m    at Object.require.extensions.<computed> [as .ts] (C:\Users\user\Custom-Authentication\node_modules\ts-node\src\index.ts:1621:12)[39m
[31m    at Module.load (node:internal/modules/cjs/loader:1004:32)[39m
[31m    at Function.Module._load (node:internal/modules/cjs/loader:839:12)[39m
2023-05-23 07:52:54 [31merror[39m: [31muncaughtException: ENOENT: no such file or directory, open 'templates/otp.html'[39m
[31mError: ENOENT: no such file or directory, open 'templates/otp.html'[39m
[31m    at Object.openSync (node:fs:594:3)[39m
[31m    at Object.readFileSync (node:fs:462:35)[39m
[31m    at readTemplate (C:\Users\user\Custom-Authentication\src\modules\mail\mail.service.ts:5:25)[39m
[31m    at Object.<anonymous> (C:\Users\user\Custom-Authentication\src\modules\mail\mail.service.ts:16:23)[39m
[31m    at Module._compile (node:internal/modules/cjs/loader:1126:14)[39m
[31m    at Module.m._compile (C:\Users\user\Custom-Authentication\node_modules\ts-node\src\index.ts:1618:23)[39m
[31m    at Module._extensions..js (node:internal/modules/cjs/loader:1180:10)[39m
[31m    at Object.require.extensions.<computed> [as .ts] (C:\Users\user\Custom-Authentication\node_modules\ts-node\src\index.ts:1621:12)[39m
[31m    at Module.load (node:internal/modules/cjs/loader:1004:32)[39m
[31m    at Function.Module._load (node:internal/modules/cjs/loader:839:12)[39m
2023-05-23 07:53:14 [31merror[39m: [31muncaughtException: ENOENT: no such file or directory, open 'templates/otp.html'[39m
[31mError: ENOENT: no such file or directory, open 'templates/otp.html'[39m
[31m    at Object.openSync (node:fs:594:3)[39m
[31m    at Object.readFileSync (node:fs:462:35)[39m
[31m    at readTemplate (C:\Users\user\Custom-Authentication\src\modules\mail\mail.service.ts:5:25)[39m
[31m    at Object.<anonymous> (C:\Users\user\Custom-Authentication\src\modules\mail\mail.service.ts:16:23)[39m
[31m    at Module._compile (node:internal/modules/cjs/loader:1126:14)[39m
[31m    at Module.m._compile (C:\Users\user\Custom-Authentication\node_modules\ts-node\src\index.ts:1618:23)[39m
[31m    at Module._extensions..js (node:internal/modules/cjs/loader:1180:10)[39m
[31m    at Object.require.extensions.<computed> [as .ts] (C:\Users\user\Custom-Authentication\node_modules\ts-node\src\index.ts:1621:12)[39m
[31m    at Module.load (node:internal/modules/cjs/loader:1004:32)[39m
[31m    at Function.Module._load (node:internal/modules/cjs/loader:839:12)[39m
2023-05-23 07:53:14 [31merror[39m: [31muncaughtException: ENOENT: no such file or directory, open 'templates/otp.html'[39m
[31mError: ENOENT: no such file or directory, open 'templates/otp.html'[39m
[31m    at Object.openSync (node:fs:594:3)[39m
[31m    at Object.readFileSync (node:fs:462:35)[39m
[31m    at readTemplate (C:\Users\user\Custom-Authentication\src\modules\mail\mail.service.ts:5:25)[39m
[31m    at Object.<anonymous> (C:\Users\user\Custom-Authentication\src\modules\mail\mail.service.ts:16:23)[39m
[31m    at Module._compile (node:internal/modules/cjs/loader:1126:14)[39m
[31m    at Module.m._compile (C:\Users\user\Custom-Authentication\node_modules\ts-node\src\index.ts:1618:23)[39m
[31m    at Module._extensions..js (node:internal/modules/cjs/loader:1180:10)[39m
[31m    at Object.require.extensions.<computed> [as .ts] (C:\Users\user\Custom-Authentication\node_modules\ts-node\src\index.ts:1621:12)[39m
[31m    at Module.load (node:internal/modules/cjs/loader:1004:32)[39m
[31m    at Function.Module._load (node:internal/modules/cjs/loader:839:12)[39m
2023-05-23 07:54:03 [31merror[39m: [31muncaughtException: ENOENT: no such file or directory, open 'otp.html'[39m
[31mError: ENOENT: no such file or directory, open 'otp.html'[39m
[31m    at Object.openSync (node:fs:594:3)[39m
[31m    at Object.readFileSync (node:fs:462:35)[39m
[31m    at readTemplate (C:\Users\user\Custom-Authentication\src\modules\mail\mail.service.ts:5:25)[39m
[31m    at Object.<anonymous> (C:\Users\user\Custom-Authentication\src\modules\mail\mail.service.ts:16:23)[39m
[31m    at Module._compile (node:internal/modules/cjs/loader:1126:14)[39m
[31m    at Module.m._compile (C:\Users\user\Custom-Authentication\node_modules\ts-node\src\index.ts:1618:23)[39m
[31m    at Module._extensions..js (node:internal/modules/cjs/loader:1180:10)[39m
[31m    at Object.require.extensions.<computed> [as .ts] (C:\Users\user\Custom-Authentication\node_modules\ts-node\src\index.ts:1621:12)[39m
[31m    at Module.load (node:internal/modules/cjs/loader:1004:32)[39m
[31m    at Function.Module._load (node:internal/modules/cjs/loader:839:12)[39m
2023-05-23 07:54:03 [31merror[39m: [31muncaughtException: ENOENT: no such file or directory, open 'otp.html'[39m
[31mError: ENOENT: no such file or directory, open 'otp.html'[39m
[31m    at Object.openSync (node:fs:594:3)[39m
[31m    at Object.readFileSync (node:fs:462:35)[39m
[31m    at readTemplate (C:\Users\user\Custom-Authentication\src\modules\mail\mail.service.ts:5:25)[39m
[31m    at Object.<anonymous> (C:\Users\user\Custom-Authentication\src\modules\mail\mail.service.ts:16:23)[39m
[31m    at Module._compile (node:internal/modules/cjs/loader:1126:14)[39m
[31m    at Module.m._compile (C:\Users\user\Custom-Authentication\node_modules\ts-node\src\index.ts:1618:23)[39m
[31m    at Module._extensions..js (node:internal/modules/cjs/loader:1180:10)[39m
[31m    at Object.require.extensions.<computed> [as .ts] (C:\Users\user\Custom-Authentication\node_modules\ts-node\src\index.ts:1621:12)[39m
[31m    at Module.load (node:internal/modules/cjs/loader:1004:32)[39m
[31m    at Function.Module._load (node:internal/modules/cjs/loader:839:12)[39m
2023-05-23 07:57:31 [31merror[39m: [31muncaughtException: ENOENT: no such file or directory, open 'templateotp.html'[39m
[31mError: ENOENT: no such file or directory, open 'templateotp.html'[39m
[31m    at Object.openSync (node:fs:594:3)[39m
[31m    at Object.readFileSync (node:fs:462:35)[39m
[31m    at readTemplate (C:\Users\user\Custom-Authentication\src\modules\mail\mail.service.ts:5:25)[39m
[31m    at Object.<anonymous> (C:\Users\user\Custom-Authentication\src\modules\mail\mail.service.ts:16:23)[39m
[31m    at Module._compile (node:internal/modules/cjs/loader:1126:14)[39m
[31m    at Module.m._compile (C:\Users\user\Custom-Authentication\node_modules\ts-node\src\index.ts:1618:23)[39m
[31m    at Module._extensions..js (node:internal/modules/cjs/loader:1180:10)[39m
[31m    at Object.require.extensions.<computed> [as .ts] (C:\Users\user\Custom-Authentication\node_modules\ts-node\src\index.ts:1621:12)[39m
[31m    at Module.load (node:internal/modules/cjs/loader:1004:32)[39m
[31m    at Function.Module._load (node:internal/modules/cjs/loader:839:12)[39m
2023-05-23 07:57:31 [31merror[39m: [31muncaughtException: ENOENT: no such file or directory, open 'templateotp.html'[39m
[31mError: ENOENT: no such file or directory, open 'templateotp.html'[39m
[31m    at Object.openSync (node:fs:594:3)[39m
[31m    at Object.readFileSync (node:fs:462:35)[39m
[31m    at readTemplate (C:\Users\user\Custom-Authentication\src\modules\mail\mail.service.ts:5:25)[39m
[31m    at Object.<anonymous> (C:\Users\user\Custom-Authentication\src\modules\mail\mail.service.ts:16:23)[39m
[31m    at Module._compile (node:internal/modules/cjs/loader:1126:14)[39m
[31m    at Module.m._compile (C:\Users\user\Custom-Authentication\node_modules\ts-node\src\index.ts:1618:23)[39m
[31m    at Module._extensions..js (node:internal/modules/cjs/loader:1180:10)[39m
[31m    at Object.require.extensions.<computed> [as .ts] (C:\Users\user\Custom-Authentication\node_modules\ts-node\src\index.ts:1621:12)[39m
[31m    at Module.load (node:internal/modules/cjs/loader:1004:32)[39m
[31m    at Function.Module._load (node:internal/modules/cjs/loader:839:12)[39m
2023-05-23 07:59:15 [31merror[39m: [31muncaughtException: ENOENT: no such file or directory, open 'templateotp.html'[39m
[31mError: ENOENT: no such file or directory, open 'templateotp.html'[39m
[31m    at Object.openSync (node:fs:594:3)[39m
[31m    at Object.readFileSync (node:fs:462:35)[39m
[31m    at readTemplate (C:\Users\user\Custom-Authentication\src\modules\mail\mail.service.ts:5:25)[39m
[31m    at Object.<anonymous> (C:\Users\user\Custom-Authentication\src\modules\mail\mail.service.ts:16:23)[39m
[31m    at Module._compile (node:internal/modules/cjs/loader:1126:14)[39m
[31m    at Module.m._compile (C:\Users\user\Custom-Authentication\node_modules\ts-node\src\index.ts:1618:23)[39m
[31m    at Module._extensions..js (node:internal/modules/cjs/loader:1180:10)[39m
[31m    at Object.require.extensions.<computed> [as .ts] (C:\Users\user\Custom-Authentication\node_modules\ts-node\src\index.ts:1621:12)[39m
[31m    at Module.load (node:internal/modules/cjs/loader:1004:32)[39m
[31m    at Function.Module._load (node:internal/modules/cjs/loader:839:12)[39m
2023-05-23 07:59:15 [31merror[39m: [31muncaughtException: ENOENT: no such file or directory, open 'templateotp.html'[39m
[31mError: ENOENT: no such file or directory, open 'templateotp.html'[39m
[31m    at Object.openSync (node:fs:594:3)[39m
[31m    at Object.readFileSync (node:fs:462:35)[39m
[31m    at readTemplate (C:\Users\user\Custom-Authentication\src\modules\mail\mail.service.ts:5:25)[39m
[31m    at Object.<anonymous> (C:\Users\user\Custom-Authentication\src\modules\mail\mail.service.ts:16:23)[39m
[31m    at Module._compile (node:internal/modules/cjs/loader:1126:14)[39m
[31m    at Module.m._compile (C:\Users\user\Custom-Authentication\node_modules\ts-node\src\index.ts:1618:23)[39m
[31m    at Module._extensions..js (node:internal/modules/cjs/loader:1180:10)[39m
[31m    at Object.require.extensions.<computed> [as .ts] (C:\Users\user\Custom-Authentication\node_modules\ts-node\src\index.ts:1621:12)[39m
[31m    at Module.load (node:internal/modules/cjs/loader:1004:32)[39m
[31m    at Function.Module._load (node:internal/modules/cjs/loader:839:12)[39m
2023-05-23 07:59:41 [31merror[39m: [31muncaughtException: ENOENT: no such file or directory, open 'templateotp.html'[39m
[31mError: ENOENT: no such file or directory, open 'templateotp.html'[39m
[31m    at Object.openSync (node:fs:594:3)[39m
[31m    at Object.readFileSync (node:fs:462:35)[39m
[31m    at readTemplate (C:\Users\user\Custom-Authentication\src\modules\mail\mail.service.ts:7:25)[39m
[31m    at Object.<anonymous> (C:\Users\user\Custom-Authentication\src\modules\mail\mail.service.ts:18:23)[39m
[31m    at Module._compile (node:internal/modules/cjs/loader:1126:14)[39m
[31m    at Module.m._compile (C:\Users\user\Custom-Authentication\node_modules\ts-node\src\index.ts:1618:23)[39m
[31m    at Module._extensions..js (node:internal/modules/cjs/loader:1180:10)[39m
[31m    at Object.require.extensions.<computed> [as .ts] (C:\Users\user\Custom-Authentication\node_modules\ts-node\src\index.ts:1621:12)[39m
[31m    at Module.load (node:internal/modules/cjs/loader:1004:32)[39m
[31m    at Function.Module._load (node:internal/modules/cjs/loader:839:12)[39m
2023-05-23 07:59:41 [31merror[39m: [31muncaughtException: ENOENT: no such file or directory, open 'templateotp.html'[39m
[31mError: ENOENT: no such file or directory, open 'templateotp.html'[39m
[31m    at Object.openSync (node:fs:594:3)[39m
[31m    at Object.readFileSync (node:fs:462:35)[39m
[31m    at readTemplate (C:\Users\user\Custom-Authentication\src\modules\mail\mail.service.ts:7:25)[39m
[31m    at Object.<anonymous> (C:\Users\user\Custom-Authentication\src\modules\mail\mail.service.ts:18:23)[39m
[31m    at Module._compile (node:internal/modules/cjs/loader:1126:14)[39m
[31m    at Module.m._compile (C:\Users\user\Custom-Authentication\node_modules\ts-node\src\index.ts:1618:23)[39m
[31m    at Module._extensions..js (node:internal/modules/cjs/loader:1180:10)[39m
[31m    at Object.require.extensions.<computed> [as .ts] (C:\Users\user\Custom-Authentication\node_modules\ts-node\src\index.ts:1621:12)[39m
[31m    at Module.load (node:internal/modules/cjs/loader:1004:32)[39m
[31m    at Function.Module._load (node:internal/modules/cjs/loader:839:12)[39m
2023-05-23 08:00:08 [31merror[39m: [31muncaughtException: ENOENT: no such file or directory, open 'C:\Users\user\Custom-Authentication\src\modules\mail\templateotp.html'[39m
[31mError: ENOENT: no such file or directory, open 'C:\Users\user\Custom-Authentication\src\modules\mail\templateotp.html'[39m
[31m    at Object.openSync (node:fs:594:3)[39m
[31m    at Object.readFileSync (node:fs:462:35)[39m
[31m    at readTemplate (C:\Users\user\Custom-Authentication\src\modules\mail\mail.service.ts:7:25)[39m
[31m    at Object.<anonymous> (C:\Users\user\Custom-Authentication\src\modules\mail\mail.service.ts:18:23)[39m
[31m    at Module._compile (node:internal/modules/cjs/loader:1126:14)[39m
[31m    at Module.m._compile (C:\Users\user\Custom-Authentication\node_modules\ts-node\src\index.ts:1618:23)[39m
[31m    at Module._extensions..js (node:internal/modules/cjs/loader:1180:10)[39m
[31m    at Object.require.extensions.<computed> [as .ts] (C:\Users\user\Custom-Authentication\node_modules\ts-node\src\index.ts:1621:12)[39m
[31m    at Module.load (node:internal/modules/cjs/loader:1004:32)[39m
[31m    at Function.Module._load (node:internal/modules/cjs/loader:839:12)[39m
2023-05-23 08:00:08 [31merror[39m: [31muncaughtException: ENOENT: no such file or directory, open 'C:\Users\user\Custom-Authentication\src\modules\mail\templateotp.html'[39m
[31mError: ENOENT: no such file or directory, open 'C:\Users\user\Custom-Authentication\src\modules\mail\templateotp.html'[39m
[31m    at Object.openSync (node:fs:594:3)[39m
[31m    at Object.readFileSync (node:fs:462:35)[39m
[31m    at readTemplate (C:\Users\user\Custom-Authentication\src\modules\mail\mail.service.ts:7:25)[39m
[31m    at Object.<anonymous> (C:\Users\user\Custom-Authentication\src\modules\mail\mail.service.ts:18:23)[39m
[31m    at Module._compile (node:internal/modules/cjs/loader:1126:14)[39m
[31m    at Module.m._compile (C:\Users\user\Custom-Authentication\node_modules\ts-node\src\index.ts:1618:23)[39m
[31m    at Module._extensions..js (node:internal/modules/cjs/loader:1180:10)[39m
[31m    at Object.require.extensions.<computed> [as .ts] (C:\Users\user\Custom-Authentication\node_modules\ts-node\src\index.ts:1621:12)[39m
[31m    at Module.load (node:internal/modules/cjs/loader:1004:32)[39m
[31m    at Function.Module._load (node:internal/modules/cjs/loader:839:12)[39m
2023-05-23 08:00:28 [31merror[39m: [31muncaughtException: ENOENT: no such file or directory, open 'C:\Users\user\Custom-Authentication\src\modules\mail\templateotp.html'[39m
[31mError: ENOENT: no such file or directory, open 'C:\Users\user\Custom-Authentication\src\modules\mail\templateotp.html'[39m
[31m    at Object.openSync (node:fs:594:3)[39m
[31m    at Object.readFileSync (node:fs:462:35)[39m
[31m    at readTemplate (C:\Users\user\Custom-Authentication\src\modules\mail\mail.service.ts:7:25)[39m
[31m    at Object.<anonymous> (C:\Users\user\Custom-Authentication\src\modules\mail\mail.service.ts:18:23)[39m
[31m    at Module._compile (node:internal/modules/cjs/loader:1126:14)[39m
[31m    at Module.m._compile (C:\Users\user\Custom-Authentication\node_modules\ts-node\src\index.ts:1618:23)[39m
[31m    at Module._extensions..js (node:internal/modules/cjs/loader:1180:10)[39m
[31m    at Object.require.extensions.<computed> [as .ts] (C:\Users\user\Custom-Authentication\node_modules\ts-node\src\index.ts:1621:12)[39m
[31m    at Module.load (node:internal/modules/cjs/loader:1004:32)[39m
[31m    at Function.Module._load (node:internal/modules/cjs/loader:839:12)[39m
2023-05-23 08:00:28 [31merror[39m: [31muncaughtException: ENOENT: no such file or directory, open 'C:\Users\user\Custom-Authentication\src\modules\mail\templateotp.html'[39m
[31mError: ENOENT: no such file or directory, open 'C:\Users\user\Custom-Authentication\src\modules\mail\templateotp.html'[39m
[31m    at Object.openSync (node:fs:594:3)[39m
[31m    at Object.readFileSync (node:fs:462:35)[39m
[31m    at readTemplate (C:\Users\user\Custom-Authentication\src\modules\mail\mail.service.ts:7:25)[39m
[31m    at Object.<anonymous> (C:\Users\user\Custom-Authentication\src\modules\mail\mail.service.ts:18:23)[39m
[31m    at Module._compile (node:internal/modules/cjs/loader:1126:14)[39m
[31m    at Module.m._compile (C:\Users\user\Custom-Authentication\node_modules\ts-node\src\index.ts:1618:23)[39m
[31m    at Module._extensions..js (node:internal/modules/cjs/loader:1180:10)[39m
[31m    at Object.require.extensions.<computed> [as .ts] (C:\Users\user\Custom-Authentication\node_modules\ts-node\src\index.ts:1621:12)[39m
[31m    at Module.load (node:internal/modules/cjs/loader:1004:32)[39m
[31m    at Function.Module._load (node:internal/modules/cjs/loader:839:12)[39m
2023-05-23 08:00:51 [31merror[39m: [31muncaughtException: ENOENT: no such file or directory, open 'C:\Users\user\Custom-Authentication\src\modules\mail\template\otp.html'[39m
[31mError: ENOENT: no such file or directory, open 'C:\Users\user\Custom-Authentication\src\modules\mail\template\otp.html'[39m
[31m    at Object.openSync (node:fs:594:3)[39m
[31m    at Object.readFileSync (node:fs:462:35)[39m
[31m    at readTemplate (C:\Users\user\Custom-Authentication\src\modules\mail\mail.service.ts:7:25)[39m
[31m    at Object.<anonymous> (C:\Users\user\Custom-Authentication\src\modules\mail\mail.service.ts:18:23)[39m
[31m    at Module._compile (node:internal/modules/cjs/loader:1126:14)[39m
[31m    at Module.m._compile (C:\Users\user\Custom-Authentication\node_modules\ts-node\src\index.ts:1618:23)[39m
[31m    at Module._extensions..js (node:internal/modules/cjs/loader:1180:10)[39m
[31m    at Object.require.extensions.<computed> [as .ts] (C:\Users\user\Custom-Authentication\node_modules\ts-node\src\index.ts:1621:12)[39m
[31m    at Module.load (node:internal/modules/cjs/loader:1004:32)[39m
[31m    at Function.Module._load (node:internal/modules/cjs/loader:839:12)[39m
2023-05-23 08:00:51 [31merror[39m: [31muncaughtException: ENOENT: no such file or directory, open 'C:\Users\user\Custom-Authentication\src\modules\mail\template\otp.html'[39m
[31mError: ENOENT: no such file or directory, open 'C:\Users\user\Custom-Authentication\src\modules\mail\template\otp.html'[39m
[31m    at Object.openSync (node:fs:594:3)[39m
[31m    at Object.readFileSync (node:fs:462:35)[39m
[31m    at readTemplate (C:\Users\user\Custom-Authentication\src\modules\mail\mail.service.ts:7:25)[39m
[31m    at Object.<anonymous> (C:\Users\user\Custom-Authentication\src\modules\mail\mail.service.ts:18:23)[39m
[31m    at Module._compile (node:internal/modules/cjs/loader:1126:14)[39m
[31m    at Module.m._compile (C:\Users\user\Custom-Authentication\node_modules\ts-node\src\index.ts:1618:23)[39m
[31m    at Module._extensions..js (node:internal/modules/cjs/loader:1180:10)[39m
[31m    at Object.require.extensions.<computed> [as .ts] (C:\Users\user\Custom-Authentication\node_modules\ts-node\src\index.ts:1621:12)[39m
[31m    at Module.load (node:internal/modules/cjs/loader:1004:32)[39m
[31m    at Function.Module._load (node:internal/modules/cjs/loader:839:12)[39m
2023-05-23 08:01:07 [31merror[39m: [31muncaughtException: ENOENT: no such file or directory, open 'C:\Users\user\Custom-Authentication\src\modules\mail\template\otp.html'[39m
[31mError: ENOENT: no such file or directory, open 'C:\Users\user\Custom-Authentication\src\modules\mail\template\otp.html'[39m
[31m    at Object.openSync (node:fs:594:3)[39m
[31m    at Object.readFileSync (node:fs:462:35)[39m
[31m    at readTemplate (C:\Users\user\Custom-Authentication\src\modules\mail\mail.service.ts:7:25)[39m
[31m    at Object.<anonymous> (C:\Users\user\Custom-Authentication\src\modules\mail\mail.service.ts:18:23)[39m
[31m    at Module._compile (node:internal/modules/cjs/loader:1126:14)[39m
[31m    at Module.m._compile (C:\Users\user\Custom-Authentication\node_modules\ts-node\src\index.ts:1618:23)[39m
[31m    at Module._extensions..js (node:internal/modules/cjs/loader:1180:10)[39m
[31m    at Object.require.extensions.<computed> [as .ts] (C:\Users\user\Custom-Authentication\node_modules\ts-node\src\index.ts:1621:12)[39m
[31m    at Module.load (node:internal/modules/cjs/loader:1004:32)[39m
[31m    at Function.Module._load (node:internal/modules/cjs/loader:839:12)[39m
2023-05-23 08:01:07 [31merror[39m: [31muncaughtException: ENOENT: no such file or directory, open 'C:\Users\user\Custom-Authentication\src\modules\mail\template\otp.html'[39m
[31mError: ENOENT: no such file or directory, open 'C:\Users\user\Custom-Authentication\src\modules\mail\template\otp.html'[39m
[31m    at Object.openSync (node:fs:594:3)[39m
[31m    at Object.readFileSync (node:fs:462:35)[39m
[31m    at readTemplate (C:\Users\user\Custom-Authentication\src\modules\mail\mail.service.ts:7:25)[39m
[31m    at Object.<anonymous> (C:\Users\user\Custom-Authentication\src\modules\mail\mail.service.ts:18:23)[39m
[31m    at Module._compile (node:internal/modules/cjs/loader:1126:14)[39m
[31m    at Module.m._compile (C:\Users\user\Custom-Authentication\node_modules\ts-node\src\index.ts:1618:23)[39m
[31m    at Module._extensions..js (node:internal/modules/cjs/loader:1180:10)[39m
[31m    at Object.require.extensions.<computed> [as .ts] (C:\Users\user\Custom-Authentication\node_modules\ts-node\src\index.ts:1621:12)[39m
[31m    at Module.load (node:internal/modules/cjs/loader:1004:32)[39m
[31m    at Function.Module._load (node:internal/modules/cjs/loader:839:12)[39m
2023-05-23 08:01:44 [31merror[39m: [31muncaughtException: Cannot overwrite `User` model once compiled.[39m
[31mOverwriteModelError: Cannot overwrite `User` model once compiled.[39m
[31m    at Mongoose.model (C:\Users\user\Custom-Authentication\node_modules\mongoose\lib\index.js:587:13)[39m
[31m    at Object.<anonymous> (C:\Users\user\Custom-Authentication\src\utils\db\otpdb\otp.model.ts:10:23)[39m
[31m    at Module._compile (node:internal/modules/cjs/loader:1126:14)[39m
[31m    at Module.m._compile (C:\Users\user\Custom-Authentication\node_modules\ts-node\src\index.ts:1618:23)[39m
[31m    at Module._extensions..js (node:internal/modules/cjs/loader:1180:10)[39m
[31m    at Object.require.extensions.<computed> [as .ts] (C:\Users\user\Custom-Authentication\node_modules\ts-node\src\index.ts:1621:12)[39m
[31m    at Module.load (node:internal/modules/cjs/loader:1004:32)[39m
[31m    at Function.Module._load (node:internal/modules/cjs/loader:839:12)[39m
[31m    at Module.require (node:internal/modules/cjs/loader:1028:19)[39m
[31m    at require (node:internal/modules/cjs/helpers:102:18)[39m
2023-05-23 08:01:44 [31merror[39m: [31muncaughtException: Cannot overwrite `User` model once compiled.[39m
[31mOverwriteModelError: Cannot overwrite `User` model once compiled.[39m
[31m    at Mongoose.model (C:\Users\user\Custom-Authentication\node_modules\mongoose\lib\index.js:587:13)[39m
[31m    at Object.<anonymous> (C:\Users\user\Custom-Authentication\src\utils\db\otpdb\otp.model.ts:10:23)[39m
[31m    at Module._compile (node:internal/modules/cjs/loader:1126:14)[39m
[31m    at Module.m._compile (C:\Users\user\Custom-Authentication\node_modules\ts-node\src\index.ts:1618:23)[39m
[31m    at Module._extensions..js (node:internal/modules/cjs/loader:1180:10)[39m
[31m    at Object.require.extensions.<computed> [as .ts] (C:\Users\user\Custom-Authentication\node_modules\ts-node\src\index.ts:1621:12)[39m
[31m    at Module.load (node:internal/modules/cjs/loader:1004:32)[39m
[31m    at Function.Module._load (node:internal/modules/cjs/loader:839:12)[39m
[31m    at Module.require (node:internal/modules/cjs/loader:1028:19)[39m
[31m    at require (node:internal/modules/cjs/helpers:102:18)[39m
2023-05-23 08:02:06 [31merror[39m: [31muncaughtException: Cannot overwrite `User` model once compiled.[39m
[31mOverwriteModelError: Cannot overwrite `User` model once compiled.[39m
[31m    at Mongoose.model (C:\Users\user\Custom-Authentication\node_modules\mongoose\lib\index.js:587:13)[39m
[31m    at Object.<anonymous> (C:\Users\user\Custom-Authentication\src\utils\db\otpdb\otp.model.ts:10:23)[39m
[31m    at Module._compile (node:internal/modules/cjs/loader:1126:14)[39m
[31m    at Module.m._compile (C:\Users\user\Custom-Authentication\node_modules\ts-node\src\index.ts:1618:23)[39m
[31m    at Module._extensions..js (node:internal/modules/cjs/loader:1180:10)[39m
[31m    at Object.require.extensions.<computed> [as .ts] (C:\Users\user\Custom-Authentication\node_modules\ts-node\src\index.ts:1621:12)[39m
[31m    at Module.load (node:internal/modules/cjs/loader:1004:32)[39m
[31m    at Function.Module._load (node:internal/modules/cjs/loader:839:12)[39m
[31m    at Module.require (node:internal/modules/cjs/loader:1028:19)[39m
[31m    at require (node:internal/modules/cjs/helpers:102:18)[39m
2023-05-23 08:02:06 [31merror[39m: [31muncaughtException: Cannot overwrite `User` model once compiled.[39m
[31mOverwriteModelError: Cannot overwrite `User` model once compiled.[39m
[31m    at Mongoose.model (C:\Users\user\Custom-Authentication\node_modules\mongoose\lib\index.js:587:13)[39m
[31m    at Object.<anonymous> (C:\Users\user\Custom-Authentication\src\utils\db\otpdb\otp.model.ts:10:23)[39m
[31m    at Module._compile (node:internal/modules/cjs/loader:1126:14)[39m
[31m    at Module.m._compile (C:\Users\user\Custom-Authentication\node_modules\ts-node\src\index.ts:1618:23)[39m
[31m    at Module._extensions..js (node:internal/modules/cjs/loader:1180:10)[39m
[31m    at Object.require.extensions.<computed> [as .ts] (C:\Users\user\Custom-Authentication\node_modules\ts-node\src\index.ts:1621:12)[39m
[31m    at Module.load (node:internal/modules/cjs/loader:1004:32)[39m
[31m    at Function.Module._load (node:internal/modules/cjs/loader:839:12)[39m
[31m    at Module.require (node:internal/modules/cjs/loader:1028:19)[39m
[31m    at require (node:internal/modules/cjs/helpers:102:18)[39m
2023-05-23 08:03:19 [31merror[39m: [31muncaughtException: Cannot overwrite `User` model once compiled.[39m
[31mOverwriteModelError: Cannot overwrite `User` model once compiled.[39m
[31m    at Mongoose.model (C:\Users\user\Custom-Authentication\node_modules\mongoose\lib\index.js:587:13)[39m
[31m    at Object.<anonymous> (C:\Users\user\Custom-Authentication\src\utils\db\otpdb\otp.model.ts:10:23)[39m
[31m    at Module._compile (node:internal/modules/cjs/loader:1126:14)[39m
[31m    at Module.m._compile (C:\Users\user\Custom-Authentication\node_modules\ts-node\src\index.ts:1618:23)[39m
[31m    at Module._extensions..js (node:internal/modules/cjs/loader:1180:10)[39m
[31m    at Object.require.extensions.<computed> [as .ts] (C:\Users\user\Custom-Authentication\node_modules\ts-node\src\index.ts:1621:12)[39m
[31m    at Module.load (node:internal/modules/cjs/loader:1004:32)[39m
[31m    at Function.Module._load (node:internal/modules/cjs/loader:839:12)[39m
[31m    at Module.require (node:internal/modules/cjs/loader:1028:19)[39m
[31m    at require (node:internal/modules/cjs/helpers:102:18)[39m
2023-05-23 08:03:19 [31merror[39m: [31muncaughtException: Cannot overwrite `User` model once compiled.[39m
[31mOverwriteModelError: Cannot overwrite `User` model once compiled.[39m
[31m    at Mongoose.model (C:\Users\user\Custom-Authentication\node_modules\mongoose\lib\index.js:587:13)[39m
[31m    at Object.<anonymous> (C:\Users\user\Custom-Authentication\src\utils\db\otpdb\otp.model.ts:10:23)[39m
[31m    at Module._compile (node:internal/modules/cjs/loader:1126:14)[39m
[31m    at Module.m._compile (C:\Users\user\Custom-Authentication\node_modules\ts-node\src\index.ts:1618:23)[39m
[31m    at Module._extensions..js (node:internal/modules/cjs/loader:1180:10)[39m
[31m    at Object.require.extensions.<computed> [as .ts] (C:\Users\user\Custom-Authentication\node_modules\ts-node\src\index.ts:1621:12)[39m
[31m    at Module.load (node:internal/modules/cjs/loader:1004:32)[39m
[31m    at Function.Module._load (node:internal/modules/cjs/loader:839:12)[39m
[31m    at Module.require (node:internal/modules/cjs/loader:1028:19)[39m
[31m    at require (node:internal/modules/cjs/helpers:102:18)[39m
2023-05-23 08:07:30 [31merror[39m: [31muncaughtException: Cannot overwrite `User` model once compiled.[39m
[31mOverwriteModelError: Cannot overwrite `User` model once compiled.[39m
[31m    at Mongoose.model (C:\Users\user\Custom-Authentication\node_modules\mongoose\lib\index.js:587:13)[39m
[31m    at Object.<anonymous> (C:\Users\user\Custom-Authentication\src\utils\db\otpdb\otp.model.ts:10:23)[39m
[31m    at Module._compile (node:internal/modules/cjs/loader:1126:14)[39m
[31m    at Module.m._compile (C:\Users\user\Custom-Authentication\node_modules\ts-node\src\index.ts:1618:23)[39m
[31m    at Module._extensions..js (node:internal/modules/cjs/loader:1180:10)[39m
[31m    at Object.require.extensions.<computed> [as .ts] (C:\Users\user\Custom-Authentication\node_modules\ts-node\src\index.ts:1621:12)[39m
[31m    at Module.load (node:internal/modules/cjs/loader:1004:32)[39m
[31m    at Function.Module._load (node:internal/modules/cjs/loader:839:12)[39m
[31m    at Module.require (node:internal/modules/cjs/loader:1028:19)[39m
[31m    at require (node:internal/modules/cjs/helpers:102:18)[39m
2023-05-23 08:07:30 [31merror[39m: [31muncaughtException: Cannot overwrite `User` model once compiled.[39m
[31mOverwriteModelError: Cannot overwrite `User` model once compiled.[39m
[31m    at Mongoose.model (C:\Users\user\Custom-Authentication\node_modules\mongoose\lib\index.js:587:13)[39m
[31m    at Object.<anonymous> (C:\Users\user\Custom-Authentication\src\utils\db\otpdb\otp.model.ts:10:23)[39m
[31m    at Module._compile (node:internal/modules/cjs/loader:1126:14)[39m
[31m    at Module.m._compile (C:\Users\user\Custom-Authentication\node_modules\ts-node\src\index.ts:1618:23)[39m
[31m    at Module._extensions..js (node:internal/modules/cjs/loader:1180:10)[39m
[31m    at Object.require.extensions.<computed> [as .ts] (C:\Users\user\Custom-Authentication\node_modules\ts-node\src\index.ts:1621:12)[39m
[31m    at Module.load (node:internal/modules/cjs/loader:1004:32)[39m
[31m    at Function.Module._load (node:internal/modules/cjs/loader:839:12)[39m
[31m    at Module.require (node:internal/modules/cjs/loader:1028:19)[39m
[31m    at require (node:internal/modules/cjs/helpers:102:18)[39m
2023-05-23 08:07:54 [31merror[39m: [31muncaughtException: Cannot overwrite `User` model once compiled.[39m
[31mOverwriteModelError: Cannot overwrite `User` model once compiled.[39m
[31m    at Mongoose.model (C:\Users\user\Custom-Authentication\node_modules\mongoose\lib\index.js:587:13)[39m
[31m    at Object.<anonymous> (C:\Users\user\Custom-Authentication\src\utils\db\otpdb\otp.model.ts:10:23)[39m
[31m    at Module._compile (node:internal/modules/cjs/loader:1126:14)[39m
[31m    at Module.m._compile (C:\Users\user\Custom-Authentication\node_modules\ts-node\src\index.ts:1618:23)[39m
[31m    at Module._extensions..js (node:internal/modules/cjs/loader:1180:10)[39m
[31m    at Object.require.extensions.<computed> [as .ts] (C:\Users\user\Custom-Authentication\node_modules\ts-node\src\index.ts:1621:12)[39m
[31m    at Module.load (node:internal/modules/cjs/loader:1004:32)[39m
[31m    at Function.Module._load (node:internal/modules/cjs/loader:839:12)[39m
[31m    at Module.require (node:internal/modules/cjs/loader:1028:19)[39m
[31m    at require (node:internal/modules/cjs/helpers:102:18)[39m
2023-05-23 08:07:54 [31merror[39m: [31muncaughtException: Cannot overwrite `User` model once compiled.[39m
[31mOverwriteModelError: Cannot overwrite `User` model once compiled.[39m
[31m    at Mongoose.model (C:\Users\user\Custom-Authentication\node_modules\mongoose\lib\index.js:587:13)[39m
[31m    at Object.<anonymous> (C:\Users\user\Custom-Authentication\src\utils\db\otpdb\otp.model.ts:10:23)[39m
[31m    at Module._compile (node:internal/modules/cjs/loader:1126:14)[39m
[31m    at Module.m._compile (C:\Users\user\Custom-Authentication\node_modules\ts-node\src\index.ts:1618:23)[39m
[31m    at Module._extensions..js (node:internal/modules/cjs/loader:1180:10)[39m
[31m    at Object.require.extensions.<computed> [as .ts] (C:\Users\user\Custom-Authentication\node_modules\ts-node\src\index.ts:1621:12)[39m
[31m    at Module.load (node:internal/modules/cjs/loader:1004:32)[39m
[31m    at Function.Module._load (node:internal/modules/cjs/loader:839:12)[39m
[31m    at Module.require (node:internal/modules/cjs/loader:1028:19)[39m
[31m    at require (node:internal/modules/cjs/helpers:102:18)[39m
2023-05-23 08:10:08 [31merror[39m: [31muncaughtException: Cannot overwrite `User` model once compiled.[39m
[31mOverwriteModelError: Cannot overwrite `User` model once compiled.[39m
[31m    at Mongoose.model (C:\Users\user\Custom-Authentication\node_modules\mongoose\lib\index.js:587:13)[39m
[31m    at Object.<anonymous> (C:\Users\user\Custom-Authentication\src\utils\db\otpdb\otp.model.ts:10:23)[39m
[31m    at Module._compile (node:internal/modules/cjs/loader:1126:14)[39m
[31m    at Module.m._compile (C:\Users\user\Custom-Authentication\node_modules\ts-node\src\index.ts:1618:23)[39m
[31m    at Module._extensions..js (node:internal/modules/cjs/loader:1180:10)[39m
[31m    at Object.require.extensions.<computed> [as .ts] (C:\Users\user\Custom-Authentication\node_modules\ts-node\src\index.ts:1621:12)[39m
[31m    at Module.load (node:internal/modules/cjs/loader:1004:32)[39m
[31m    at Function.Module._load (node:internal/modules/cjs/loader:839:12)[39m
[31m    at Module.require (node:internal/modules/cjs/loader:1028:19)[39m
[31m    at require (node:internal/modules/cjs/helpers:102:18)[39m
2023-05-23 08:10:08 [31merror[39m: [31muncaughtException: Cannot overwrite `User` model once compiled.[39m
[31mOverwriteModelError: Cannot overwrite `User` model once compiled.[39m
[31m    at Mongoose.model (C:\Users\user\Custom-Authentication\node_modules\mongoose\lib\index.js:587:13)[39m
[31m    at Object.<anonymous> (C:\Users\user\Custom-Authentication\src\utils\db\otpdb\otp.model.ts:10:23)[39m
[31m    at Module._compile (node:internal/modules/cjs/loader:1126:14)[39m
[31m    at Module.m._compile (C:\Users\user\Custom-Authentication\node_modules\ts-node\src\index.ts:1618:23)[39m
[31m    at Module._extensions..js (node:internal/modules/cjs/loader:1180:10)[39m
[31m    at Object.require.extensions.<computed> [as .ts] (C:\Users\user\Custom-Authentication\node_modules\ts-node\src\index.ts:1621:12)[39m
[31m    at Module.load (node:internal/modules/cjs/loader:1004:32)[39m
[31m    at Function.Module._load (node:internal/modules/cjs/loader:839:12)[39m
[31m    at Module.require (node:internal/modules/cjs/loader:1028:19)[39m
[31m    at require (node:internal/modules/cjs/helpers:102:18)[39m
2023-05-24 19:48:58 [31merror[39m: [31muncaughtException: тип Unable to compile TypeScript:[39m
[31m[96msrc/modules/auth/auth.validation.ts[0m:[93m5[0m:[93m3[0m - [91merror[0m[90m TS2564: [0mProperty 'email' has no initializer and is not definitely assigned in the constructor.[39m

[31m[7m5[0m   email: string;[39m
[31m[7m [0m [91m  ~~~~~[0m[39m
[31m[96msrc/modules/auth/auth.validation.ts[0m:[93m9[0m:[93m3[0m - [91merror[0m[90m TS2564: [0mProperty 'password' has no initializer and is not definitely assigned in the constructor.[39m

[31m[7m9[0m   password: string;[39m
[31m[7m [0m [91m  ~~~~~~~~[0m[39m
[31m[96msrc/modules/auth/auth.validation.ts[0m:[93m14[0m:[93m3[0m - [91merror[0m[90m TS2564: [0mProperty 'code' has no initializer and is not definitely assigned in the constructor.[39m

[31m[7m14[0m   code: number;[39m
[31m[7m  [0m [91m  ~~~~[0m[39m
[31m[96msrc/modules/auth/auth.validation.ts[0m:[93m19[0m:[93m3[0m - [91merror[0m[90m TS2564: [0mProperty 'firstName' has no initializer and is not definitely assigned in the constructor.[39m

[31m[7m19[0m   firstName: string;[39m
[31m[7m  [0m [91m  ~~~~~~~~~[0m[39m
[31m[96msrc/modules/auth/auth.validation.ts[0m:[93m22[0m:[93m3[0m - [91merror[0m[90m TS2564: [0mProperty 'lastName' has no initializer and is not definitely assigned in the constructor.[39m

[31m[7m22[0m   lastName :string;[39m
[31m[7m  [0m [91m  ~~~~~~~~[0m[39m
[31m[96msrc/modules/auth/auth.validation.ts[0m:[93m25[0m:[93m3[0m - [91merror[0m[90m TS2564: [0mProperty 'phoneNumber' has no initializer and is not definitely assigned in the constructor.[39m

[31m[7m25[0m   phoneNumber: string;[39m
[31m[7m  [0m [91m  ~~~~~~~~~~~[0m[39m

[31mTSError: тип Unable to compile TypeScript:[39m
[31m[96msrc/modules/auth/auth.validation.ts[0m:[93m5[0m:[93m3[0m - [91merror[0m[90m TS2564: [0mProperty 'email' has no initializer and is not definitely assigned in the constructor.[39m

[31m[7m5[0m   email: string;[39m
[31m[7m [0m [91m  ~~~~~[0m[39m
[31m[96msrc/modules/auth/auth.validation.ts[0m:[93m9[0m:[93m3[0m - [91merror[0m[90m TS2564: [0mProperty 'password' has no initializer and is not definitely assigned in the constructor.[39m

[31m[7m9[0m   password: string;[39m
[31m[7m [0m [91m  ~~~~~~~~[0m[39m
[31m[96msrc/modules/auth/auth.validation.ts[0m:[93m14[0m:[93m3[0m - [91merror[0m[90m TS2564: [0mProperty 'code' has no initializer and is not definitely assigned in the constructor.[39m

[31m[7m14[0m   code: number;[39m
[31m[7m  [0m [91m  ~~~~[0m[39m
[31m[96msrc/modules/auth/auth.validation.ts[0m:[93m19[0m:[93m3[0m - [91merror[0m[90m TS2564: [0mProperty 'firstName' has no initializer and is not definitely assigned in the constructor.[39m

[31m[7m19[0m   firstName: string;[39m
[31m[7m  [0m [91m  ~~~~~~~~~[0m[39m
[31m[96msrc/modules/auth/auth.validation.ts[0m:[93m22[0m:[93m3[0m - [91merror[0m[90m TS2564: [0mProperty 'lastName' has no initializer and is not definitely assigned in the constructor.[39m

[31m[7m22[0m   lastName :string;[39m
[31m[7m  [0m [91m  ~~~~~~~~[0m[39m
[31m[96msrc/modules/auth/auth.validation.ts[0m:[93m25[0m:[93m3[0m - [91merror[0m[90m TS2564: [0mProperty 'phoneNumber' has no initializer and is not definitely assigned in the constructor.[39m

[31m[7m25[0m   phoneNumber: string;[39m
[31m[7m  [0m [91m  ~~~~~~~~~~~[0m[39m

[31m    at createTSError (C:\Users\user\Custom-Authentication\node_modules\ts-node\src\index.ts:859:12)[39m
[31m    at reportTSError (C:\Users\user\Custom-Authentication\node_modules\ts-node\src\index.ts:863:19)[39m
[31m    at getOutput (C:\Users\user\Custom-Authentication\node_modules\ts-node\src\index.ts:1077:36)[39m
[31m    at Object.compile (C:\Users\user\Custom-Authentication\node_modules\ts-node\src\index.ts:1433:41)[39m
[31m    at Module.m._compile (C:\Users\user\Custom-Authentication\node_modules\ts-node\src\index.ts:1617:30)[39m
[31m    at Module._extensions..js (node:internal/modules/cjs/loader:1180:10)[39m
[31m    at Object.require.extensions.<computed> [as .ts] (C:\Users\user\Custom-Authentication\node_modules\ts-node\src\index.ts:1621:12)[39m
[31m    at Module.load (node:internal/modules/cjs/loader:1004:32)[39m
[31m    at Function.Module._load (node:internal/modules/cjs/loader:839:12)[39m
[31m    at Module.require (node:internal/modules/cjs/loader:1028:19)[39m
2023-05-24 19:48:58 [31merror[39m: [31muncaughtException: тип Unable to compile TypeScript:[39m
[31m[96msrc/modules/auth/auth.validation.ts[0m:[93m5[0m:[93m3[0m - [91merror[0m[90m TS2564: [0mProperty 'email' has no initializer and is not definitely assigned in the constructor.[39m

[31m[7m5[0m   email: string;[39m
[31m[7m [0m [91m  ~~~~~[0m[39m
[31m[96msrc/modules/auth/auth.validation.ts[0m:[93m9[0m:[93m3[0m - [91merror[0m[90m TS2564: [0mProperty 'password' has no initializer and is not definitely assigned in the constructor.[39m

[31m[7m9[0m   password: string;[39m
[31m[7m [0m [91m  ~~~~~~~~[0m[39m
[31m[96msrc/modules/auth/auth.validation.ts[0m:[93m14[0m:[93m3[0m - [91merror[0m[90m TS2564: [0mProperty 'code' has no initializer and is not definitely assigned in the constructor.[39m

[31m[7m14[0m   code: number;[39m
[31m[7m  [0m [91m  ~~~~[0m[39m
[31m[96msrc/modules/auth/auth.validation.ts[0m:[93m19[0m:[93m3[0m - [91merror[0m[90m TS2564: [0mProperty 'firstName' has no initializer and is not definitely assigned in the constructor.[39m

[31m[7m19[0m   firstName: string;[39m
[31m[7m  [0m [91m  ~~~~~~~~~[0m[39m
[31m[96msrc/modules/auth/auth.validation.ts[0m:[93m22[0m:[93m3[0m - [91merror[0m[90m TS2564: [0mProperty 'lastName' has no initializer and is not definitely assigned in the constructor.[39m

[31m[7m22[0m   lastName :string;[39m
[31m[7m  [0m [91m  ~~~~~~~~[0m[39m
[31m[96msrc/modules/auth/auth.validation.ts[0m:[93m25[0m:[93m3[0m - [91merror[0m[90m TS2564: [0mProperty 'phoneNumber' has no initializer and is not definitely assigned in the constructor.[39m

[31m[7m25[0m   phoneNumber: string;[39m
[31m[7m  [0m [91m  ~~~~~~~~~~~[0m[39m

[31mTSError: тип Unable to compile TypeScript:[39m
[31m[96msrc/modules/auth/auth.validation.ts[0m:[93m5[0m:[93m3[0m - [91merror[0m[90m TS2564: [0mProperty 'email' has no initializer and is not definitely assigned in the constructor.[39m

[31m[7m5[0m   email: string;[39m
[31m[7m [0m [91m  ~~~~~[0m[39m
[31m[96msrc/modules/auth/auth.validation.ts[0m:[93m9[0m:[93m3[0m - [91merror[0m[90m TS2564: [0mProperty 'password' has no initializer and is not definitely assigned in the constructor.[39m

[31m[7m9[0m   password: string;[39m
[31m[7m [0m [91m  ~~~~~~~~[0m[39m
[31m[96msrc/modules/auth/auth.validation.ts[0m:[93m14[0m:[93m3[0m - [91merror[0m[90m TS2564: [0mProperty 'code' has no initializer and is not definitely assigned in the constructor.[39m

[31m[7m14[0m   code: number;[39m
[31m[7m  [0m [91m  ~~~~[0m[39m
[31m[96msrc/modules/auth/auth.validation.ts[0m:[93m19[0m:[93m3[0m - [91merror[0m[90m TS2564: [0mProperty 'firstName' has no initializer and is not definitely assigned in the constructor.[39m

[31m[7m19[0m   firstName: string;[39m
[31m[7m  [0m [91m  ~~~~~~~~~[0m[39m
[31m[96msrc/modules/auth/auth.validation.ts[0m:[93m22[0m:[93m3[0m - [91merror[0m[90m TS2564: [0mProperty 'lastName' has no initializer and is not definitely assigned in the constructor.[39m

[31m[7m22[0m   lastName :string;[39m
[31m[7m  [0m [91m  ~~~~~~~~[0m[39m
[31m[96msrc/modules/auth/auth.validation.ts[0m:[93m25[0m:[93m3[0m - [91merror[0m[90m TS2564: [0mProperty 'phoneNumber' has no initializer and is not definitely assigned in the constructor.[39m

[31m[7m25[0m   phoneNumber: string;[39m
[31m[7m  [0m [91m  ~~~~~~~~~~~[0m[39m

[31m    at createTSError (C:\Users\user\Custom-Authentication\node_modules\ts-node\src\index.ts:859:12)[39m
[31m    at reportTSError (C:\Users\user\Custom-Authentication\node_modules\ts-node\src\index.ts:863:19)[39m
[31m    at getOutput (C:\Users\user\Custom-Authentication\node_modules\ts-node\src\index.ts:1077:36)[39m
[31m    at Object.compile (C:\Users\user\Custom-Authentication\node_modules\ts-node\src\index.ts:1433:41)[39m
[31m    at Module.m._compile (C:\Users\user\Custom-Authentication\node_modules\ts-node\src\index.ts:1617:30)[39m
[31m    at Module._extensions..js (node:internal/modules/cjs/loader:1180:10)[39m
[31m    at Object.require.extensions.<computed> [as .ts] (C:\Users\user\Custom-Authentication\node_modules\ts-node\src\index.ts:1621:12)[39m
[31m    at Module.load (node:internal/modules/cjs/loader:1004:32)[39m
[31m    at Function.Module._load (node:internal/modules/cjs/loader:839:12)[39m
[31m    at Module.require (node:internal/modules/cjs/loader:1028:19)[39m
